2026-05-15 20:25:35 [ERROR] [Auth] Login error:
2026-05-15 20:25:35 [ERROR] [Auth] Login error:
2026-05-15 20:25:36 [ERROR] [Auth] Login error:
2026-05-15 20:25:36 [ERROR] [Auth] Login error:
2026-05-15 20:25:36 [ERROR] [Auth] Login error:
2026-05-15 20:25:36 [ERROR] [Auth] Login error:
2026-05-15 20:25:36 [ERROR] [Auth] Login error:
2026-05-15 20:25:36 [ERROR] [Auth] Login error:
2026-05-15 20:25:36 [ERROR] [Auth] Login error:
2026-05-15 20:45:32 [ERROR] [Auth] Password change error:
2026-05-15 20:46:09 [ERROR] [Auth] Password change error:
2026-05-16 13:27:03 [ERROR] Uncaught Exception: listen EADDRINUSE: address already in use :::3000
2026-05-16 13:30:14 [ERROR] [Auth] Login error:
2026-05-16 15:10:06 [ERROR] [Posts] Get error:
2026-05-16 15:10:09 [ERROR] [Posts] Get error:
2026-05-16 15:10:11 [ERROR] [Posts] Get error:
2026-05-16 15:10:44 [ERROR] [Auth] Register error:
2026-05-16 15:10:47 [ERROR] [Auth] Register error:
2026-05-16 15:11:08 [ERROR] [Posts] Purchase error:
2026-05-16 15:12:13 [ERROR] [Posts] Purchase error:
2026-05-16 15:12:13 [ERROR] [Posts] Purchase error:
2026-05-16 15:22:42 [ERROR] [Posts] Purchase error:
2026-05-16 23:18:29 [ERROR] Uncaught Exception: listen EADDRINUSE: address already in use :::3000
2026-05-17 13:20:19 [ERROR] Uncaught Exception: listen EADDRINUSE: address already in use :::3000
2026-05-17 13:23:01 [ERROR] Uncaught Exception: listen EADDRINUSE: address already in use :::3000
2026-05-17 14:52:15 [ERROR] [Posts] Get error:
2026-05-17 17:37:01 [ERROR] [Auth] Login error:
2026-05-17 23:40:10 [ERROR] Uncaught Exception: listen EADDRINUSE: address already in use :::3000
2026-05-17 23:40:12 [ERROR] Uncaught Exception: listen EADDRINUSE: address already in use :::3000
2026-05-17 23:40:14 [ERROR] Uncaught Exception: listen EADDRINUSE: address already in use :::3000
2026-05-17 23:51:20 [ERROR] Uncaught Exception: listen EADDRINUSE: address already in use :::3000
2026-05-18 00:24:32 [ERROR] [Posts] Update error:
2026-05-18 00:24:32 [ERROR] [API] PUT /50 500 3ms user=1
2026-05-18 00:24:33 [ERROR] [Posts] Update error:
2026-05-18 00:24:33 [ERROR] [API] PUT /50 500 2ms user=1
2026-05-18 00:24:33 [ERROR] [Posts] Update error:
2026-05-18 00:24:33 [ERROR] [API] PUT /50 500 2ms user=1
2026-05-18 00:24:34 [ERROR] [Posts] Update error:
2026-05-18 00:24:34 [ERROR] [API] PUT /50 500 2ms user=1
2026-05-18 00:24:34 [ERROR] [Posts] Update error:
2026-05-18 00:24:34 [ERROR] [API] PUT /50 500 2ms user=1
2026-05-18 00:24:35 [ERROR] [Posts] Update error:
2026-05-18 00:24:35 [ERROR] [API] PUT /50 500 1ms user=1
2026-05-18 00:24:35 [ERROR] [Posts] Update error:
2026-05-18 00:24:35 [ERROR] [API] PUT /50 500 2ms user=1
2026-05-18 00:24:35 [ERROR] [Posts] Update error:
2026-05-18 00:24:35 [ERROR] [API] PUT /50 500 1ms user=1
2026-05-18 00:24:35 [ERROR] [Posts] Update error:
2026-05-18 00:24:35 [ERROR] [API] PUT /50 500 2ms user=1
2026-05-18 00:24:38 [ERROR] [Posts] Update error:
2026-05-18 00:24:38 [ERROR] [API] PUT /50 500 3ms user=1
2026-05-18 00:24:39 [ERROR] [Posts] Update error:
2026-05-18 00:24:39 [ERROR] [API] PUT /50 500 1ms user=1
2026-05-18 00:24:39 [ERROR] [Posts] Update error:
2026-05-18 00:24:39 [ERROR] [API] PUT /50 500 1ms user=1
2026-05-18 00:24:42 [ERROR] [Posts] Update error:
2026-05-18 00:24:42 [ERROR] [API] PUT /50 500 2ms user=1
2026-05-18 00:24:43 [ERROR] [Posts] Update error:
2026-05-18 00:24:43 [ERROR] [API] PUT /50 500 2ms user=1
2026-05-18 00:24:47 [ERROR] [Posts] Update error:
2026-05-18 00:24:47 [ERROR] [API] PUT /50 500 2ms user=1
2026-05-18 00:25:12 [ERROR] [Posts] Update error:
2026-05-18 00:25:12 [ERROR] [API] PUT /50 500 2ms user=1
2026-05-18 00:25:20 [ERROR] [Posts] Update error:
2026-05-18 00:25:20 [ERROR] [API] PUT /50 500 2ms user=1
2026-05-18 00:25:21 [ERROR] [Posts] Update error:
2026-05-18 00:25:21 [ERROR] [API] PUT /50 500 2ms user=1
2026-05-18 00:25:34 [ERROR] [Posts] Update error:
2026-05-18 00:25:34 [ERROR] [API] PUT /50 500 2ms user=1
2026-05-18 00:25:37 [ERROR] [Posts] Update error:
2026-05-18 00:25:37 [ERROR] [API] PUT /50 500 3ms user=1
2026-05-18 00:29:27 [ERROR] [Posts] Update error:
2026-05-18 00:29:27 [ERROR] [API] PUT /50 500 3ms user=1
2026-05-18 00:29:27 [ERROR] [Posts] Update error:
2026-05-18 00:29:27 [ERROR] [API] PUT /50 500 3ms user=1
2026-05-18 00:29:28 [ERROR] [Posts] Update error:
2026-05-18 00:29:28 [ERROR] [API] PUT /50 500 3ms user=1
2026-05-18 00:29:28 [ERROR] [Posts] Update error:
2026-05-18 00:29:28 [ERROR] [API] PUT /50 500 2ms user=1
2026-05-18 00:29:28 [ERROR] [Posts] Update error:
2026-05-18 00:29:28 [ERROR] [API] PUT /50 500 2ms user=1
2026-05-18 00:29:28 [ERROR] [Posts] Update error:
2026-05-18 00:29:28 [ERROR] [API] PUT /50 500 2ms user=1
2026-05-18 00:29:29 [ERROR] [Posts] Update error:
2026-05-18 00:29:29 [ERROR] [API] PUT /50 500 2ms user=1
2026-05-18 00:29:29 [ERROR] [Posts] Update error:
2026-05-18 00:29:29 [ERROR] [API] PUT /50 500 2ms user=1
2026-05-18 00:29:29 [ERROR] [Posts] Update error:
2026-05-18 00:29:29 [ERROR] [API] PUT /50 500 2ms user=1
2026-05-18 00:29:29 [ERROR] [Posts] Update error:
2026-05-18 00:29:29 [ERROR] [API] PUT /50 500 2ms user=1
2026-05-18 00:31:16 [ERROR] [Posts] Update error:
2026-05-18 00:31:16 [ERROR] [API] PUT /50 500 2ms user=1
2026-05-18 00:31:18 [ERROR] [Posts] Update error:
2026-05-18 00:31:18 [ERROR] [API] PUT /50 500 3ms user=1
2026-05-18 01:15:09 [ERROR] Uncaught Exception: listen EADDRINUSE: address already in use :::3000
2026-05-18 02:00:15 [ERROR] Uncaught Exception: listen EADDRINUSE: address already in use :::3000
2026-05-18 03:25:27 [ERROR] [Auth] Login error:
2026-05-18 03:25:32 [ERROR] [Auth] Register error:
2026-05-18 04:19:39 [ERROR] [Auth] Register error:
2026-05-18 04:42:13 [ERROR] [Auth] Register error:
2026-05-18 04:43:58 [ERROR] [Posts] Delete error:
2026-05-18 05:37:18 [ERROR] [Posts] Create error:
2026-05-18 05:37:19 [ERROR] [Posts] Create error:
2026-05-18 05:37:20 [ERROR] [Posts] Create error:
2026-05-18 05:37:20 [ERROR] [Posts] Create error:
2026-05-18 05:37:20 [ERROR] [Posts] Create error:
2026-05-18 05:37:21 [ERROR] [Posts] Create error:
2026-05-18 05:38:21 [ERROR] [Applications] Review error: Cannot read properties of undefined (reading 'create')
TypeError: Cannot read properties of undefined (reading 'create')
    at F:\code\portfolio\routes\applications.js:76:20
    at Layer.handle [as handle_request] (F:\code\portfolio\node_modules\express\lib\router\layer.js:95:5)
    at next (F:\code\portfolio\node_modules\express\lib\router\route.js:149:13)
    at requireAdmin (F:\code\portfolio\middleware\auth.js:30:3)
    at Layer.handle [as handle_request] (F:\code\portfolio\node_modules\express\lib\router\layer.js:95:5)
    at next (F:\code\portfolio\node_modules\express\lib\router\route.js:149:13)
    at Route.dispatch (F:\code\portfolio\node_modules\express\lib\router\route.js:119:3)
    at Layer.handle [as handle_request] (F:\code\portfolio\node_modules\express\lib\router\layer.js:95:5)
    at F:\code\portfolio\node_modules\express\lib\router\index.js:284:15
    at param (F:\code\portfolio\node_modules\express\lib\router\index.js:365:14)
2026-05-18 05:38:21 [ERROR] [API] PUT /1 500 2ms user=1
2026-05-18 23:59:56 [ERROR] [Posts] Get error:
2026-05-19 01:58:58 [ERROR] [Posts] Create error:
2026-05-19 01:58:59 [ERROR] [Posts] Create error:
2026-05-19 03:52:14 [ERROR] Uncaught Exception: listen EADDRINUSE: address already in use :::3000
2026-05-19 19:51:14 [ERROR] [Posts] Create error:
2026-05-19 19:51:19 [ERROR] [Posts] Create error:
2026-05-19 22:20:12 [ERROR] [Posts] Create error:
